<?xml version="1.0" encoding="UTF-8"?>
<!-- Generated by org.testng.reporters.JUnitReportReporter -->
<testsuite hostname="NATARAJAN-PC" failures="0" tests="2" name="WebScrapper.WebScrapper" time="59.035" errors="0" timestamp="2024-06-06T16:39:55 IST" skipped="0">
  <testcase classname="WebScrapper.WebScrapper" name="WebscraperFlim" time="31.943"/>
  <system-out/>
  <testcase classname="WebScrapper.WebScrapper" name="WebscrapeTeam" time="27.092"/>
  <system-out/>
</testsuite> <!-- WebScrapper.WebScrapper -->
