<?xml version="1.0" encoding="UTF-8"?>
<!-- Generated by org.testng.reporters.JUnitReportReporter -->
<testsuite hostname="NATARAJAN-PC" failures="0" tests="1" name="FlipKart.Flipkart" time="25.455" errors="0" timestamp="2024-05-30T12:18:23 IST" skipped="0">
  <testcase classname="FlipKart.Flipkart" name="flipkart" time="25.455"/>
  <system-out/>
</testsuite> <!-- FlipKart.Flipkart -->
