<?xml version="1.0" encoding="UTF-8"?>
<!-- Generated by org.testng.reporters.JUnitReportReporter -->
<testsuite hostname="NATARAJAN-PC" failures="0" tests="1" name="AutomateGoogleForm.GoogleForm" time="10.482" errors="0" timestamp="2024-05-25T16:07:50 IST" skipped="0">
  <testcase classname="AutomateGoogleForm.GoogleForm" name="googleForm" time="10.482"/>
  <system-out/>
</testsuite> <!-- AutomateGoogleForm.GoogleForm -->
