<?xml version="1.0" encoding="UTF-8"?>
<!-- Generated by org.testng.reporters.JUnitReportReporter -->
<testsuite hostname="NATARAJAN-PC" failures="0" tests="1" name="YouTube.youtube" time="91.935" errors="0" timestamp="2024-06-07T18:04:06 IST" skipped="0">
  <testcase classname="YouTube.youtube" name="youTube" time="91.935"/>
  <system-out/>
</testsuite> <!-- YouTube.youtube -->
